<testsuites id="" name="" tests="12" failures="0" skipped="0" errors="1" time="65.35884899999999">
<testsuite name="ui\auto-3-login.spec.ts" timestamp="2026-05-07T01:44:28.682Z" hostname="chromium" tests="1" failures="0" skipped="0" time="9.847" errors="0">
<testcase name="Auto-3: Login › Verify user can successfully log in" classname="ui\auto-3-login.spec.ts" time="9.847">
</testcase>
</testsuite>
<testsuite name="ui\auto-4-create-product.spec.ts" timestamp="2026-05-07T01:44:28.682Z" hostname="chromium" tests="1" failures="0" skipped="0" time="22.763" errors="0">
<testcase name="Auto-4: Create Product › Verify admin can create a product with valid mandatory information" classname="ui\auto-4-create-product.spec.ts" time="22.763">
</testcase>
</testsuite>
<testsuite name="ui\auto-5-add-to-cart.spec.ts" timestamp="2026-05-07T01:44:28.682Z" hostname="chromium" tests="1" failures="0" skipped="0" time="19.417" errors="0">
<testcase name="Auto-5: Add to Cart › Verify shopper can add one product to cart from product listing" classname="ui\auto-5-add-to-cart.spec.ts" time="19.417">
</testcase>
</testsuite>
<testsuite name="ui\auto-6-cart-quantity.spec.ts" timestamp="2026-05-07T01:44:28.682Z" hostname="chromium" tests="1" failures="0" skipped="0" time="62.019" errors="1">
<testcase name="Auto-6: Cart Quantity Update › Verify increasing item quantity recalculates line total and cart total correctly" classname="ui\auto-6-cart-quantity.spec.ts" time="62.019">
<system-out>
<![CDATA[
[[ATTACHMENT|ui-auto-6-cart-quantity-Au-34d40-al-and-cart-total-correctly-chromium\test-failed-1.png]]

[[ATTACHMENT|ui-auto-6-cart-quantity-Au-34d40-al-and-cart-total-correctly-chromium\video.webm]]

[[ATTACHMENT|ui-auto-6-cart-quantity-Au-34d40-al-and-cart-total-correctly-chromium\error-context.md]]

[[ATTACHMENT|ui-auto-6-cart-quantity-Au-34d40-al-and-cart-total-correctly-chromium\trace.zip]]
]]>
</system-out>
<error message="Test timeout of 60000ms exceeded." type="Error">
<![CDATA[  [chromium] › ui\auto-6-cart-quantity.spec.ts:11:7 › Auto-6: Cart Quantity Update › Verify increasing item quantity recalculates line total and cart total correctly 

    Test timeout of 60000ms exceeded.

    Error: locator.click: Test timeout of 60000ms exceeded.
    Call log:
      - waiting for locator('button:has-text("+"), [class*="increase"], [class*="plus"], [aria-label*="increase" i]').first()


       at ..\pageobjects\cart-page.ts:77

      75 |   async increaseQuantity() {
      76 |     const beforeQty = await this.getProductQuantity();
    > 77 |     await this.increaseQtyButton.click();
         |                                  ^
      78 |     for (let i = 0; i < 20; i++) {
      79 |       const currentQty = await this.getProductQuantity();
      80 |       if (currentQty >= beforeQty + 1) {
        at CartPage.increaseQuantity (C:\Users\huyen.lethi\Project\Vibe_Automation\Vibe_Auto2 - Backup4\pageobjects\cart-page.ts:77:34)
        at C:\Users\huyen.lethi\Project\Vibe_Automation\Vibe_Auto2 - Backup4\tests\ui\auto-6-cart-quantity.spec.ts:44:7

    attachment #1: screenshot (image/png) ──────────────────────────────────────────────────────────
    ..\test-results\ui-auto-6-cart-quantity-Au-34d40-al-and-cart-total-correctly-chromium\test-failed-1.png
    ────────────────────────────────────────────────────────────────────────────────────────────────

    attachment #2: video (video/webm) ──────────────────────────────────────────────────────────────
    ..\test-results\ui-auto-6-cart-quantity-Au-34d40-al-and-cart-total-correctly-chromium\video.webm
    ────────────────────────────────────────────────────────────────────────────────────────────────

    Error Context: ..\test-results\ui-auto-6-cart-quantity-Au-34d40-al-and-cart-total-correctly-chromium\error-context.md

    attachment #4: trace (application/zip) ─────────────────────────────────────────────────────────
    ..\test-results\ui-auto-6-cart-quantity-Au-34d40-al-and-cart-total-correctly-chromium\trace.zip
    Usage:

        npx playwright show-trace ..\test-results\ui-auto-6-cart-quantity-Au-34d40-al-and-cart-total-correctly-chromium\trace.zip

    ────────────────────────────────────────────────────────────────────────────────────────────────
]]>
</error>
</testcase>
</testsuite>
<testsuite name="ui\auto-7-checkout-cod.spec.ts" timestamp="2026-05-07T01:44:28.682Z" hostname="chromium" tests="1" failures="0" skipped="0" time="14.637" errors="0">
<testcase name="Auto-7: Checkout COD › Verify shopper can complete checkout using valid shipping info and COD payment" classname="ui\auto-7-checkout-cod.spec.ts" time="14.637">
</testcase>
</testsuite>
<testsuite name="ui\auto-8-checkout-card.spec.ts" timestamp="2026-05-07T01:44:28.682Z" hostname="chromium" tests="1" failures="0" skipped="0" time="15.067" errors="0">
<testcase name="Auto-8: Checkout Card Payment › Verify shopper can complete checkout using valid card payment flow" classname="ui\auto-8-checkout-card.spec.ts" time="15.067">
</testcase>
</testsuite>
<testsuite name="ui\auto-n1-invalid-password.spec.ts" timestamp="2026-05-07T01:44:28.682Z" hostname="chromium" tests="1" failures="0" skipped="0" time="2.738" errors="0">
<testcase name="Auto-N1: Login Negative › Verify error message is displayed when password is incorrect" classname="ui\auto-n1-invalid-password.spec.ts" time="2.738">
</testcase>
</testsuite>
<testsuite name="ui\auto-n2-nonexistent-user.spec.ts" timestamp="2026-05-07T01:44:28.682Z" hostname="chromium" tests="1" failures="0" skipped="0" time="3.257" errors="0">
<testcase name="Auto-N2: Login Negative › Verify error message for non-existent username without leaking user existence" classname="ui\auto-n2-nonexistent-user.spec.ts" time="3.257">
</testcase>
</testsuite>
<testsuite name="ui\auto-n3-required-username.spec.ts" timestamp="2026-05-07T01:44:28.682Z" hostname="chromium" tests="1" failures="0" skipped="0" time="3.81" errors="0">
<testcase name="Auto-N3: Login Negative › Verify required field validation for username" classname="ui\auto-n3-required-username.spec.ts" time="3.81">
</testcase>
</testsuite>
<testsuite name="ui\auto-n4-required-password.spec.ts" timestamp="2026-05-07T01:44:28.682Z" hostname="chromium" tests="1" failures="0" skipped="0" time="3.255" errors="0">
<testcase name="Auto-N4: Login Negative › Verify required field validation for password" classname="ui\auto-n4-required-password.spec.ts" time="3.255">
</testcase>
</testsuite>
<testsuite name="ui\auto-n5-username-case-sensitivity.spec.ts" timestamp="2026-05-07T01:44:28.682Z" hostname="chromium" tests="1" failures="0" skipped="0" time="3.541" errors="0">
<testcase name="Auto-N5: Login Negative › Verify case sensitivity handling for username field" classname="ui\auto-n5-username-case-sensitivity.spec.ts" time="3.541">
</testcase>
</testsuite>
<testsuite name="ui\auto-nav1-cart-subtotal-navigation.spec.ts" timestamp="2026-05-07T01:44:28.682Z" hostname="chromium" tests="1" failures="0" skipped="0" time="7.975" errors="0">
<testcase name="Auto-Nav1: Cart Navigation Persistence › Verify cart subtotal updates correctly when adding multiple different items" classname="ui\auto-nav1-cart-subtotal-navigation.spec.ts" time="7.975">
</testcase>
</testsuite>
</testsuites>